Using pre-set license
Built from '2022.3/staging' branch; Version is '2022.3.50f1 (c3db7f8bf9b1) revision 12835711'; Using compiler version '192829333'; Build Type 'Release'
OS: 'Windows 10  (10.0.19045) 64bit Core' Language: 'es' Physical Memory: 31849 MB
BatchMode: 1, IsHumanControllingUs: 0, StartBugReporterOnCrash: 0, Is64bit: 1, IsPro: 1

COMMAND LINE ARGUMENTS:
C:\Program Files\Unity\Hub\Editor\2022.3.50f1\Editor\Unity.exe
-adb2
-batchMode
-noUpm
-name
AssetImportWorker5
-projectPath
C:/Users/Pablo/Desktop/Proyecto_Final_Sonido_24-25/Proyecto Final Sonido
-logFile
Logs/AssetImportWorker5.log
-srvPort
65334
Successfully changed project path to: C:/Users/Pablo/Desktop/Proyecto_Final_Sonido_24-25/Proyecto Final Sonido
C:/Users/Pablo/Desktop/Proyecto_Final_Sonido_24-25/Proyecto Final Sonido
[UnityMemory] Configuration Parameters - Can be set up in boot.config
    "memorysetup-bucket-allocator-granularity=16"
    "memorysetup-bucket-allocator-bucket-count=8"
    "memorysetup-bucket-allocator-block-size=33554432"
    "memorysetup-bucket-allocator-block-count=8"
    "memorysetup-main-allocator-block-size=16777216"
    "memorysetup-thread-allocator-block-size=16777216"
    "memorysetup-gfx-main-allocator-block-size=16777216"
    "memorysetup-gfx-thread-allocator-block-size=16777216"
    "memorysetup-cache-allocator-block-size=4194304"
    "memorysetup-typetree-allocator-block-size=2097152"
    "memorysetup-profiler-bucket-allocator-granularity=16"
    "memorysetup-profiler-bucket-allocator-bucket-count=8"
    "memorysetup-profiler-bucket-allocator-block-size=33554432"
    "memorysetup-profiler-bucket-allocator-block-count=8"
    "memorysetup-profiler-allocator-block-size=16777216"
    "memorysetup-profiler-editor-allocator-block-size=1048576"
    "memorysetup-temp-allocator-size-main=16777216"
    "memorysetup-job-temp-allocator-block-size=2097152"
    "memorysetup-job-temp-allocator-block-size-background=1048576"
    "memorysetup-job-temp-allocator-reduction-small-platforms=262144"
    "memorysetup-allocator-temp-initial-block-size-main=262144"
    "memorysetup-allocator-temp-initial-block-size-worker=262144"
    "memorysetup-temp-allocator-size-background-worker=32768"
    "memorysetup-temp-allocator-size-job-worker=262144"
    "memorysetup-temp-allocator-size-preload-manager=33554432"
    "memorysetup-temp-allocator-size-nav-mesh-worker=65536"
    "memorysetup-temp-allocator-size-audio-worker=65536"
    "memorysetup-temp-allocator-size-cloud-worker=32768"
    "memorysetup-temp-allocator-size-gi-baking-worker=262144"
    "memorysetup-temp-allocator-size-gfx=262144"
Player connection [29028]  Target information:

Player connection [29028]  * "[IP] 192.168.1.133 [Port] 0 [Flags] 2 [Guid] 2144104237 [EditorId] 2144104237 [Version] 1048832 [Id] WindowsEditor(7,DESKTOP-EEIRCET) [Debug] 1 [PackageName] WindowsEditor [ProjectName] Editor" 

Player connection [29028] Host joined multi-casting on [225.0.0.222:54997]...
Player connection [29028] Host joined alternative multi-casting on [225.0.0.222:34997]...
[PhysX] Initialized MultithreadedTaskDispatcher with 16 workers.
Refreshing native plugins compatible for Editor in 4.22 ms, found 3 plugins.
Preloading 0 native plugins for Editor in 0.00 ms.
Initialize engine version: 2022.3.50f1 (c3db7f8bf9b1)
[Subsystems] Discovering subsystems at path C:/Program Files/Unity/Hub/Editor/2022.3.50f1/Editor/Data/Resources/UnitySubsystems
[Subsystems] Discovering subsystems at path C:/Users/Pablo/Desktop/Proyecto_Final_Sonido_24-25/Proyecto Final Sonido/Assets
GfxDevice: creating device client; threaded=0; jobified=0
Direct3D:
    Version:  Direct3D 11.0 [level 11.1]
    Renderer: NVIDIA GeForce RTX 4070 SUPER (ID=0x2783)
    Vendor:   NVIDIA
    VRAM:     11999 MB
    Driver:   32.0.15.6590
Initialize mono
Mono path[0] = 'C:/Program Files/Unity/Hub/Editor/2022.3.50f1/Editor/Data/Managed'
Mono path[1] = 'C:/Program Files/Unity/Hub/Editor/2022.3.50f1/Editor/Data/MonoBleedingEdge/lib/mono/unityjit-win32'
Mono config path = 'C:/Program Files/Unity/Hub/Editor/2022.3.50f1/Editor/Data/MonoBleedingEdge/etc'
Using monoOptions --debugger-agent=transport=dt_socket,embedding=1,server=y,suspend=n,address=127.0.0.1:56984
Begin MonoManager ReloadAssembly
Registering precompiled unity dll's ...
Register platform support module: C:/Program Files/Unity/Hub/Editor/2022.3.50f1/Editor/Data/PlaybackEngines/WebGLSupport/UnityEditor.WebGL.Extensions.dll
Register platform support module: C:/Program Files/Unity/Hub/Editor/2022.3.50f1/Editor/Data/PlaybackEngines/WindowsStandaloneSupport/UnityEditor.WindowsStandalone.Extensions.dll
Registered in 0.006622 seconds.
- Loaded All Assemblies, in  0.207 seconds
Native extension for WindowsStandalone target not found
Native extension for WebGL target not found
Mono: successfully reloaded assembly
- Finished resetting the current domain, in  0.155 seconds
Domain Reload Profiling: 361ms
	BeginReloadAssembly (63ms)
		ExecutionOrderSort (0ms)
		DisableScriptedObjects (0ms)
		BackupInstance (0ms)
		ReleaseScriptingObjects (0ms)
		CreateAndSetChildDomain (0ms)
	RebuildCommonClasses (19ms)
	RebuildNativeTypeToScriptingClass (6ms)
	initialDomainReloadingComplete (36ms)
	LoadAllAssembliesAndSetupDomain (81ms)
		LoadAssemblies (63ms)
		RebuildTransferFunctionScriptingTraits (0ms)
		AnalyzeDomain (79ms)
			TypeCache.Refresh (78ms)
				TypeCache.ScanAssembly (71ms)
			ScanForSourceGeneratedMonoScriptInfo (0ms)
			ResolveRequiredComponents (0ms)
	FinalizeReload (155ms)
		ReleaseScriptCaches (0ms)
		RebuildScriptCaches (0ms)
		SetupLoadedEditorAssemblies (127ms)
			LogAssemblyErrors (0ms)
			InitializePlatformSupportModulesInManaged (7ms)
			SetLoadedEditorAssemblies (3ms)
			RefreshPlugins (0ms)
			BeforeProcessingInitializeOnLoad (1ms)
			ProcessInitializeOnLoadAttributes (90ms)
			ProcessInitializeOnLoadMethodAttributes (26ms)
			AfterProcessingInitializeOnLoad (0ms)
			EditorAssembliesLoaded (0ms)
		ExecutionOrderSort2 (0ms)
		AwakeInstancesAfterBackupRestoration (0ms)
========================================================================
Worker process is ready to serve import requests
Caller must complete domain reload
Begin MonoManager ReloadAssembly
- Loaded All Assemblies, in  0.350 seconds
Native extension for WindowsStandalone target not found
Native extension for WebGL target not found
Package Manager log level set to [2]
[Package Manager] Server::EnsureServerProcessIsRunning -- launch failed, reason: Unity was launched with the -noUpm command-line argument
[Package Manager] UpmClient::Send -- Unable to send message (not connected to UPM process).
[Package Manager] Cannot connect to Unity Package Manager local server
Mono: successfully reloaded assembly
- Finished resetting the current domain, in  0.360 seconds
Domain Reload Profiling: 709ms
	BeginReloadAssembly (93ms)
		ExecutionOrderSort (0ms)
		DisableScriptedObjects (3ms)
		BackupInstance (0ms)
		ReleaseScriptingObjects (0ms)
		CreateAndSetChildDomain (16ms)
	RebuildCommonClasses (19ms)
	RebuildNativeTypeToScriptingClass (6ms)
	initialDomainReloadingComplete (25ms)
	LoadAllAssembliesAndSetupDomain (206ms)
		LoadAssemblies (167ms)
		RebuildTransferFunctionScriptingTraits (0ms)
		AnalyzeDomain (92ms)
			TypeCache.Refresh (81ms)
				TypeCache.ScanAssembly (73ms)
			ScanForSourceGeneratedMonoScriptInfo (8ms)
			ResolveRequiredComponents (3ms)
	FinalizeReload (360ms)
		ReleaseScriptCaches (0ms)
		RebuildScriptCaches (0ms)
		SetupLoadedEditorAssemblies (286ms)
			LogAssemblyErrors (0ms)
			InitializePlatformSupportModulesInManaged (5ms)
			SetLoadedEditorAssemblies (3ms)
			RefreshPlugins (0ms)
			BeforeProcessingInitializeOnLoad (38ms)
			ProcessInitializeOnLoadAttributes (223ms)
			ProcessInitializeOnLoadMethodAttributes (13ms)
			AfterProcessingInitializeOnLoad (4ms)
			EditorAssembliesLoaded (0ms)
		ExecutionOrderSort2 (0ms)
		AwakeInstancesAfterBackupRestoration (4ms)
Launched and connected shader compiler UnityShaderCompiler.exe after 0.05 seconds
Refreshing native plugins compatible for Editor in 2.39 ms, found 3 plugins.
Preloading 0 native plugins for Editor in 0.00 ms.
Unloading 3091 Unused Serialized files (Serialized files now loaded: 0)
Unloading 19 unused Assets / (54.5 KB). Loaded Objects now: 3558.
Memory consumption went from 119.2 MB to 119.2 MB.
Total: 1.970200 ms (FindLiveObjects: 0.142100 ms CreateObjectMapping: 0.053600 ms MarkObjects: 1.713100 ms  DeleteObjects: 0.061000 ms)

AssetImportParameters requested are different than current active one (requested -> active):
  custom:container-demuxer-ogg: 62fdf1f143b41e24485cea50d1cbac27 -> 
  custom:video-decoder-ogg-theora: a1e56fd34408186e4bbccfd4996cb3dc -> 
  custom:scripting/monoscript/fileName/scr.cs: 52fb6a60289c06f2d4b962bc112ba516 -> 
  custom:framework-win-MediaFoundation: 216162199b28c13a410421893ffa2e32 -> 
  custom:CustomObjectIndexerAttribute: 9a22284fe3817be447336de3de66b15e -> 
  custom:container-demuxer-webm: 4f35f7cbe854078d1ac9338744f61a02 -> 
  custom:container-muxer-webm: aa71ff27fc2769a1b78a27578f13a17b -> 
  custom:video-decoder-webm-vp8: 9c59270c3fd7afecdb556c50c9e8de78 -> 
  custom:SearchIndexIgnoredProperties: e643bd26f0fe6173181afceb89e7c659 -> 
  custom:AudioImporter_EditorPlatform: d09bf68614088b80899f8185d706f6e7 -> 
  custom:video-encoder-webm-vp8: eb34c28f22e8b96e1ab97ce403110664 -> 
  custom:audio-decoder-ogg-vorbis: bf7c407c2cedff20999df2af8eb42d56 -> 
  custom:audio-encoder-webm-vorbis: bf7c407c2cedff20999df2af8eb42d56 -> 
========================================================================
Received Prepare
Caller must complete domain reload
Begin MonoManager ReloadAssembly
- Loaded All Assemblies, in  0.261 seconds
Native extension for WindowsStandalone target not found
Native extension for WebGL target not found
[Package Manager] Server::EnsureServerProcessIsRunning -- launch failed, reason: Unity was launched with the -noUpm command-line argument
[Package Manager] UpmClient::Send -- Unable to send message (not connected to UPM process).
[Package Manager] Cannot connect to Unity Package Manager local server
Mono: successfully reloaded assembly
- Finished resetting the current domain, in  0.569 seconds
Domain Reload Profiling: 829ms
	BeginReloadAssembly (103ms)
		ExecutionOrderSort (0ms)
		DisableScriptedObjects (2ms)
		BackupInstance (0ms)
		ReleaseScriptingObjects (0ms)
		CreateAndSetChildDomain (22ms)
	RebuildCommonClasses (18ms)
	RebuildNativeTypeToScriptingClass (7ms)
	initialDomainReloadingComplete (17ms)
	LoadAllAssembliesAndSetupDomain (115ms)
		LoadAssemblies (162ms)
		RebuildTransferFunctionScriptingTraits (0ms)
		AnalyzeDomain (7ms)
			TypeCache.Refresh (3ms)
				TypeCache.ScanAssembly (0ms)
			ScanForSourceGeneratedMonoScriptInfo (0ms)
			ResolveRequiredComponents (3ms)
	FinalizeReload (570ms)
		ReleaseScriptCaches (0ms)
		RebuildScriptCaches (0ms)
		SetupLoadedEditorAssemblies (311ms)
			LogAssemblyErrors (0ms)
			InitializePlatformSupportModulesInManaged (5ms)
			SetLoadedEditorAssemblies (3ms)
			RefreshPlugins (0ms)
			BeforeProcessingInitializeOnLoad (38ms)
			ProcessInitializeOnLoadAttributes (245ms)
			ProcessInitializeOnLoadMethodAttributes (15ms)
			AfterProcessingInitializeOnLoad (5ms)
			EditorAssembliesLoaded (0ms)
		ExecutionOrderSort2 (0ms)
		AwakeInstancesAfterBackupRestoration (5ms)
Refreshing native plugins compatible for Editor in 2.21 ms, found 3 plugins.
Preloading 0 native plugins for Editor in 0.00 ms.
Unloading 3083 Unused Serialized files (Serialized files now loaded: 0)
Unloading 14 unused Assets / (28.5 KB). Loaded Objects now: 3561.
Memory consumption went from 118.1 MB to 118.1 MB.
Total: 2.119600 ms (FindLiveObjects: 0.151800 ms CreateObjectMapping: 0.051000 ms MarkObjects: 1.890500 ms  DeleteObjects: 0.025700 ms)

Prepare: number of updated asset objects reloaded= 0
AssetImportParameters requested are different than current active one (requested -> active):
  custom:container-demuxer-ogg: 62fdf1f143b41e24485cea50d1cbac27 -> 
  custom:video-decoder-ogg-theora: a1e56fd34408186e4bbccfd4996cb3dc -> 
  custom:scripting/monoscript/fileName/scr.cs: 52fb6a60289c06f2d4b962bc112ba516 -> 
  custom:framework-win-MediaFoundation: 216162199b28c13a410421893ffa2e32 -> 
  custom:CustomObjectIndexerAttribute: 9a22284fe3817be447336de3de66b15e -> 
  custom:container-demuxer-webm: 4f35f7cbe854078d1ac9338744f61a02 -> 
  custom:container-muxer-webm: aa71ff27fc2769a1b78a27578f13a17b -> 
  custom:video-decoder-webm-vp8: 9c59270c3fd7afecdb556c50c9e8de78 -> 
  custom:SearchIndexIgnoredProperties: e643bd26f0fe6173181afceb89e7c659 -> 
  custom:AudioImporter_EditorPlatform: d09bf68614088b80899f8185d706f6e7 -> 
  custom:video-encoder-webm-vp8: eb34c28f22e8b96e1ab97ce403110664 -> 
  custom:audio-decoder-ogg-vorbis: bf7c407c2cedff20999df2af8eb42d56 -> 
  custom:audio-encoder-webm-vorbis: bf7c407c2cedff20999df2af8eb42d56 -> 
========================================================================
Received Import Request.
  Time since last request: 310713.684803 seconds.
  path: Assets/3D Enivronment Assets/Prefabs/MagmaPrefabs/MagmaGrass.prefab
  artifactKey: Guid(0785483d7b537a7408ea4f697457ccd2) Importer(815301076,1909f56bfc062723c751e8b465ee728b)
Start importing Assets/3D Enivronment Assets/Prefabs/MagmaPrefabs/MagmaGrass.prefab using Guid(0785483d7b537a7408ea4f697457ccd2) Importer(815301076,1909f56bfc062723c751e8b465ee728b) [PhysX] Initialized MultithreadedTaskDispatcher with 16 workers.
[PhysX] Initialized MultithreadedTaskDispatcher with 16 workers.
 -> (artifact id: '0ad53e59c52f9d668c2d3e3926b7fff2') in 0.090743 seconds
Number of updated asset objects reloaded before import = 0
Number of asset objects unloaded after import = 9
========================================================================
Received Import Request.
  Time since last request: 0.000012 seconds.
  path: Assets/3D Enivronment Assets/Prefabs/MagmaPrefabs/MagmaRock_03.prefab
  artifactKey: Guid(9edc3987d3c84cd459d403e8f1403414) Importer(815301076,1909f56bfc062723c751e8b465ee728b)
Start importing Assets/3D Enivronment Assets/Prefabs/MagmaPrefabs/MagmaRock_03.prefab using Guid(9edc3987d3c84cd459d403e8f1403414) Importer(815301076,1909f56bfc062723c751e8b465ee728b) [PhysX] Initialized MultithreadedTaskDispatcher with 16 workers.
[PhysX] Initialized MultithreadedTaskDispatcher with 16 workers.
 -> (artifact id: '2231a6e79abb29a9d953119aca2733ff') in 0.021499 seconds
Number of updated asset objects reloaded before import = 0
Number of asset objects unloaded after import = 9
========================================================================
Received Import Request.
  Time since last request: 0.000015 seconds.
  path: Assets/3D Enivronment Assets/Prefabs/MagmaPrefabs/MagmaTree.prefab
  artifactKey: Guid(1a347d038c462b54881e43bbd5be4128) Importer(815301076,1909f56bfc062723c751e8b465ee728b)
Start importing Assets/3D Enivronment Assets/Prefabs/MagmaPrefabs/MagmaTree.prefab using Guid(1a347d038c462b54881e43bbd5be4128) Importer(815301076,1909f56bfc062723c751e8b465ee728b) [PhysX] Initialized MultithreadedTaskDispatcher with 16 workers.
[PhysX] Initialized MultithreadedTaskDispatcher with 16 workers.
 -> (artifact id: '05d37aceaa0b7d5e106497d900b8c264') in 0.004704 seconds
Number of updated asset objects reloaded before import = 0
Number of asset objects unloaded after import = 9
========================================================================
Received Import Request.
  Time since last request: 0.000008 seconds.
  path: Assets/3D Enivronment Assets/Prefabs/MagmaPrefabs/MagmaPlatform_02.prefab
  artifactKey: Guid(5f934de1de3bde448bd5355432662e96) Importer(815301076,1909f56bfc062723c751e8b465ee728b)
Start importing Assets/3D Enivronment Assets/Prefabs/MagmaPrefabs/MagmaPlatform_02.prefab using Guid(5f934de1de3bde448bd5355432662e96) Importer(815301076,1909f56bfc062723c751e8b465ee728b) [PhysX] Initialized MultithreadedTaskDispatcher with 16 workers.
[PhysX] Initialized MultithreadedTaskDispatcher with 16 workers.
 -> (artifact id: 'faf36bfce7455aa2a166f3190a779e22') in 0.004621 seconds
Number of updated asset objects reloaded before import = 0
Number of asset objects unloaded after import = 9
========================================================================
Received Import Request.
  Time since last request: 0.000008 seconds.
  path: Assets/3D Enivronment Assets/Prefabs/MagmaPrefabs/MagmaMountain_03.prefab
  artifactKey: Guid(c463724616cc10749ba89c16eedc34a3) Importer(815301076,1909f56bfc062723c751e8b465ee728b)
Start importing Assets/3D Enivronment Assets/Prefabs/MagmaPrefabs/MagmaMountain_03.prefab using Guid(c463724616cc10749ba89c16eedc34a3) Importer(815301076,1909f56bfc062723c751e8b465ee728b) [PhysX] Initialized MultithreadedTaskDispatcher with 16 workers.
[PhysX] Initialized MultithreadedTaskDispatcher with 16 workers.
 -> (artifact id: '919b6e20238a09676e27aab7f97a44b0') in 0.004012 seconds
Number of updated asset objects reloaded before import = 0
Number of asset objects unloaded after import = 9
========================================================================
Received Import Request.
  Time since last request: 0.000011 seconds.
  path: Assets/3D Enivronment Assets/Prefabs/MagmaPrefabs/MagmaRock_02.prefab
  artifactKey: Guid(16e921c133c488041b656fa836fa07e0) Importer(815301076,1909f56bfc062723c751e8b465ee728b)
Start importing Assets/3D Enivronment Assets/Prefabs/MagmaPrefabs/MagmaRock_02.prefab using Guid(16e921c133c488041b656fa836fa07e0) Importer(815301076,1909f56bfc062723c751e8b465ee728b) [PhysX] Initialized MultithreadedTaskDispatcher with 16 workers.
[PhysX] Initialized MultithreadedTaskDispatcher with 16 workers.
 -> (artifact id: '3da02520763046864ed55a7a2d49136e') in 0.004015 seconds
Number of updated asset objects reloaded before import = 0
Number of asset objects unloaded after import = 9
========================================================================
Received Import Request.
  Time since last request: 10.693833 seconds.
  path: Assets/3D Enivronment Assets/Prefabs/DesertPrefabs/Cactus_03.prefab
  artifactKey: Guid(dd1120119fe79a74983c1aebadcc6509) Importer(815301076,1909f56bfc062723c751e8b465ee728b)
Start importing Assets/3D Enivronment Assets/Prefabs/DesertPrefabs/Cactus_03.prefab using Guid(dd1120119fe79a74983c1aebadcc6509) Importer(815301076,1909f56bfc062723c751e8b465ee728b) [PhysX] Initialized MultithreadedTaskDispatcher with 16 workers.
[PhysX] Initialized MultithreadedTaskDispatcher with 16 workers.
 -> (artifact id: '77e04c14d019071f183a4b32d3235e2f') in 0.008771 seconds
Number of updated asset objects reloaded before import = 0
Number of asset objects unloaded after import = 9
========================================================================
Received Import Request.
  Time since last request: 0.000010 seconds.
  path: Assets/3D Enivronment Assets/Prefabs/DesertPrefabs/DesertRock_03.prefab
  artifactKey: Guid(2d3d41f5505973849a28a62ebd618400) Importer(815301076,1909f56bfc062723c751e8b465ee728b)
Start importing Assets/3D Enivronment Assets/Prefabs/DesertPrefabs/DesertRock_03.prefab using Guid(2d3d41f5505973849a28a62ebd618400) Importer(815301076,1909f56bfc062723c751e8b465ee728b) [PhysX] Initialized MultithreadedTaskDispatcher with 16 workers.
[PhysX] Initialized MultithreadedTaskDispatcher with 16 workers.
 -> (artifact id: '1431e5b3f4ecac172c6176f31e46b39b') in 0.005495 seconds
Number of updated asset objects reloaded before import = 0
Number of asset objects unloaded after import = 9
========================================================================
Received Import Request.
  Time since last request: 0.000009 seconds.
  path: Assets/3D Enivronment Assets/Prefabs/DesertPrefabs/DesertPlatform_01.prefab
  artifactKey: Guid(716f658dd02a88c48973e5f556e44e26) Importer(815301076,1909f56bfc062723c751e8b465ee728b)
Start importing Assets/3D Enivronment Assets/Prefabs/DesertPrefabs/DesertPlatform_01.prefab using Guid(716f658dd02a88c48973e5f556e44e26) Importer(815301076,1909f56bfc062723c751e8b465ee728b) [PhysX] Initialized MultithreadedTaskDispatcher with 16 workers.
[PhysX] Initialized MultithreadedTaskDispatcher with 16 workers.
 -> (artifact id: 'b4912caa0b0ebb5212fc40bf02d75959') in 0.006073 seconds
Number of updated asset objects reloaded before import = 0
Number of asset objects unloaded after import = 9
========================================================================
Received Import Request.
  Time since last request: 0.000008 seconds.
  path: Assets/3D Enivronment Assets/Prefabs/DesertPrefabs/DesertTree.prefab
  artifactKey: Guid(14d94d92b89fde24da3ddcbbedb05b3a) Importer(815301076,1909f56bfc062723c751e8b465ee728b)
Start importing Assets/3D Enivronment Assets/Prefabs/DesertPrefabs/DesertTree.prefab using Guid(14d94d92b89fde24da3ddcbbedb05b3a) Importer(815301076,1909f56bfc062723c751e8b465ee728b) [PhysX] Initialized MultithreadedTaskDispatcher with 16 workers.
[PhysX] Initialized MultithreadedTaskDispatcher with 16 workers.
 -> (artifact id: '02bf35b228ba2d18fb314d50f2455539') in 0.026073 seconds
Number of updated asset objects reloaded before import = 0
Number of asset objects unloaded after import = 9
========================================================================
Received Import Request.
  Time since last request: 0.000010 seconds.
  path: Assets/3D Enivronment Assets/Prefabs/DesertPrefabs/DesertCave.prefab
  artifactKey: Guid(de6e5a8dda092e64aa197e2a79b69e5b) Importer(815301076,1909f56bfc062723c751e8b465ee728b)
Start importing Assets/3D Enivronment Assets/Prefabs/DesertPrefabs/DesertCave.prefab using Guid(de6e5a8dda092e64aa197e2a79b69e5b) Importer(815301076,1909f56bfc062723c751e8b465ee728b) [PhysX] Initialized MultithreadedTaskDispatcher with 16 workers.
[PhysX] Initialized MultithreadedTaskDispatcher with 16 workers.
 -> (artifact id: 'e62c7434329c42049d21e456b577714c') in 0.007427 seconds
Number of updated asset objects reloaded before import = 0
Number of asset objects unloaded after import = 9
========================================================================
Received Import Request.
  Time since last request: 0.000020 seconds.
  path: Assets/3D Enivronment Assets/Prefabs/DesertPrefabs/DesertPlatform_02.prefab
  artifactKey: Guid(f2b9a5acba92f9a438f6c10996efd7de) Importer(815301076,1909f56bfc062723c751e8b465ee728b)
Start importing Assets/3D Enivronment Assets/Prefabs/DesertPrefabs/DesertPlatform_02.prefab using Guid(f2b9a5acba92f9a438f6c10996efd7de) Importer(815301076,1909f56bfc062723c751e8b465ee728b) [PhysX] Initialized MultithreadedTaskDispatcher with 16 workers.
[PhysX] Initialized MultithreadedTaskDispatcher with 16 workers.
 -> (artifact id: '35866acd14f092376f841822db26e3e2') in 0.007894 seconds
Number of updated asset objects reloaded before import = 0
Number of asset objects unloaded after import = 9
========================================================================
Received Import Request.
  Time since last request: 2.522577 seconds.
  path: Assets/3D Enivronment Assets/Prefabs/DesertPrefabs/Cactus_03.prefab
  artifactKey: Guid(dd1120119fe79a74983c1aebadcc6509) Importer(815301076,1909f56bfc062723c751e8b465ee728b)
Start importing Assets/3D Enivronment Assets/Prefabs/DesertPrefabs/Cactus_03.prefab using Guid(dd1120119fe79a74983c1aebadcc6509) Importer(815301076,1909f56bfc062723c751e8b465ee728b) [PhysX] Initialized MultithreadedTaskDispatcher with 16 workers.
[PhysX] Initialized MultithreadedTaskDispatcher with 16 workers.
 -> (artifact id: '1f83a13913521c6c2c3133d8323be705') in 0.006996 seconds
Number of updated asset objects reloaded before import = 0
Number of asset objects unloaded after import = 9
========================================================================
Received Import Request.
  Time since last request: 0.000010 seconds.
  path: Assets/3D Enivronment Assets/Prefabs/DesertPrefabs/DesertRock_03.prefab
  artifactKey: Guid(2d3d41f5505973849a28a62ebd618400) Importer(815301076,1909f56bfc062723c751e8b465ee728b)
Start importing Assets/3D Enivronment Assets/Prefabs/DesertPrefabs/DesertRock_03.prefab using Guid(2d3d41f5505973849a28a62ebd618400) Importer(815301076,1909f56bfc062723c751e8b465ee728b) [PhysX] Initialized MultithreadedTaskDispatcher with 16 workers.
[PhysX] Initialized MultithreadedTaskDispatcher with 16 workers.
 -> (artifact id: 'a274612311599fa6070354aefa345d65') in 0.005595 seconds
Number of updated asset objects reloaded before import = 0
Number of asset objects unloaded after import = 9
========================================================================
Received Import Request.
  Time since last request: 0.000011 seconds.
  path: Assets/3D Enivronment Assets/Prefabs/DesertPrefabs/DesertTree.prefab
  artifactKey: Guid(14d94d92b89fde24da3ddcbbedb05b3a) Importer(815301076,1909f56bfc062723c751e8b465ee728b)
Start importing Assets/3D Enivronment Assets/Prefabs/DesertPrefabs/DesertTree.prefab using Guid(14d94d92b89fde24da3ddcbbedb05b3a) Importer(815301076,1909f56bfc062723c751e8b465ee728b) [PhysX] Initialized MultithreadedTaskDispatcher with 16 workers.
[PhysX] Initialized MultithreadedTaskDispatcher with 16 workers.
 -> (artifact id: '52bc4890749c183f950566f37967eec0') in 0.005280 seconds
Number of updated asset objects reloaded before import = 0
Number of asset objects unloaded after import = 9
========================================================================
Received Import Request.
  Time since last request: 0.000011 seconds.
  path: Assets/3D Enivronment Assets/Prefabs/DesertPrefabs/DesertGrass_02.prefab
  artifactKey: Guid(785426bcb71c54448b7d3f06a9ba7271) Importer(815301076,1909f56bfc062723c751e8b465ee728b)
Start importing Assets/3D Enivronment Assets/Prefabs/DesertPrefabs/DesertGrass_02.prefab using Guid(785426bcb71c54448b7d3f06a9ba7271) Importer(815301076,1909f56bfc062723c751e8b465ee728b) [PhysX] Initialized MultithreadedTaskDispatcher with 16 workers.
[PhysX] Initialized MultithreadedTaskDispatcher with 16 workers.
 -> (artifact id: 'aff6f3485fd4bca5ab95521279c29608') in 0.005505 seconds
Number of updated asset objects reloaded before import = 0
Number of asset objects unloaded after import = 9
========================================================================
Received Import Request.
  Time since last request: 3.133763 seconds.
  path: Assets/3D Enivronment Assets/Prefabs/DesertPrefabs/Cactus_03.prefab
  artifactKey: Guid(dd1120119fe79a74983c1aebadcc6509) Importer(815301076,1909f56bfc062723c751e8b465ee728b)
Start importing Assets/3D Enivronment Assets/Prefabs/DesertPrefabs/Cactus_03.prefab using Guid(dd1120119fe79a74983c1aebadcc6509) Importer(815301076,1909f56bfc062723c751e8b465ee728b) [PhysX] Initialized MultithreadedTaskDispatcher with 16 workers.
[PhysX] Initialized MultithreadedTaskDispatcher with 16 workers.
 -> (artifact id: '20a56714851957faeeb431d130c17feb') in 0.012429 seconds
Number of updated asset objects reloaded before import = 0
Number of asset objects unloaded after import = 9
========================================================================
Received Import Request.
  Time since last request: 0.000011 seconds.
  path: Assets/3D Enivronment Assets/Prefabs/DesertPrefabs/DesertMountain_01.prefab
  artifactKey: Guid(2637c1411d2778945b928b1572376856) Importer(815301076,1909f56bfc062723c751e8b465ee728b)
Start importing Assets/3D Enivronment Assets/Prefabs/DesertPrefabs/DesertMountain_01.prefab using Guid(2637c1411d2778945b928b1572376856) Importer(815301076,1909f56bfc062723c751e8b465ee728b) [PhysX] Initialized MultithreadedTaskDispatcher with 16 workers.
[PhysX] Initialized MultithreadedTaskDispatcher with 16 workers.
 -> (artifact id: 'd8a493315a9fdd4b2ea95e01f2905fce') in 0.019196 seconds
Number of updated asset objects reloaded before import = 0
Number of asset objects unloaded after import = 9
========================================================================
Received Import Request.
  Time since last request: 0.000008 seconds.
  path: Assets/3D Enivronment Assets/Prefabs/DesertPrefabs/DesertRock_01.prefab
  artifactKey: Guid(90754da6de2e2e9469140b5af4fdcadc) Importer(815301076,1909f56bfc062723c751e8b465ee728b)
Start importing Assets/3D Enivronment Assets/Prefabs/DesertPrefabs/DesertRock_01.prefab using Guid(90754da6de2e2e9469140b5af4fdcadc) Importer(815301076,1909f56bfc062723c751e8b465ee728b) [PhysX] Initialized MultithreadedTaskDispatcher with 16 workers.
[PhysX] Initialized MultithreadedTaskDispatcher with 16 workers.
 -> (artifact id: '780a68a894138730f1173cd9658475da') in 0.013634 seconds
Number of updated asset objects reloaded before import = 0
Number of asset objects unloaded after import = 9
========================================================================
Received Import Request.
  Time since last request: 0.000011 seconds.
  path: Assets/3D Enivronment Assets/Prefabs/DesertPrefabs/DesertGrass_02.prefab
  artifactKey: Guid(785426bcb71c54448b7d3f06a9ba7271) Importer(815301076,1909f56bfc062723c751e8b465ee728b)
Start importing Assets/3D Enivronment Assets/Prefabs/DesertPrefabs/DesertGrass_02.prefab using Guid(785426bcb71c54448b7d3f06a9ba7271) Importer(815301076,1909f56bfc062723c751e8b465ee728b) [PhysX] Initialized MultithreadedTaskDispatcher with 16 workers.
[PhysX] Initialized MultithreadedTaskDispatcher with 16 workers.
 -> (artifact id: '6a653885049e96882536872c6351546f') in 0.007531 seconds
Number of updated asset objects reloaded before import = 0
Number of asset objects unloaded after import = 9
========================================================================
Received Import Request.
  Time since last request: 4.565097 seconds.
  path: Assets/3D Enivronment Assets/Prefabs/GeneralPrefabs/ChestwChain.prefab
  artifactKey: Guid(48a0baa8f1acbdd459cf048bc7d83f29) Importer(815301076,1909f56bfc062723c751e8b465ee728b)
Start importing Assets/3D Enivronment Assets/Prefabs/GeneralPrefabs/ChestwChain.prefab using Guid(48a0baa8f1acbdd459cf048bc7d83f29) Importer(815301076,1909f56bfc062723c751e8b465ee728b) [PhysX] Initialized MultithreadedTaskDispatcher with 16 workers.
[PhysX] Initialized MultithreadedTaskDispatcher with 16 workers.
 -> (artifact id: '240bdd4c87f0179041c2ea46ea2629ce') in 0.012653 seconds
Number of updated asset objects reloaded before import = 0
Number of asset objects unloaded after import = 9
========================================================================
Received Import Request.
  Time since last request: 0.000013 seconds.
  path: Assets/3D Enivronment Assets/Prefabs/GeneralPrefabs/Dynamite_01.prefab
  artifactKey: Guid(7c71b267140ade9468c4e8279e86788f) Importer(815301076,1909f56bfc062723c751e8b465ee728b)
Start importing Assets/3D Enivronment Assets/Prefabs/GeneralPrefabs/Dynamite_01.prefab using Guid(7c71b267140ade9468c4e8279e86788f) Importer(815301076,1909f56bfc062723c751e8b465ee728b) [PhysX] Initialized MultithreadedTaskDispatcher with 16 workers.
[PhysX] Initialized MultithreadedTaskDispatcher with 16 workers.
 -> (artifact id: '2f6a90c02f035eec582686d04291b549') in 0.016413 seconds
Number of updated asset objects reloaded before import = 0
Number of asset objects unloaded after import = 9
========================================================================
Received Import Request.
  Time since last request: 0.000021 seconds.
  path: Assets/3D Enivronment Assets/Prefabs/GeneralPrefabs/Wire.prefab
  artifactKey: Guid(6fd49ddf9e8f7bb46bfd019b695effd6) Importer(815301076,1909f56bfc062723c751e8b465ee728b)
Start importing Assets/3D Enivronment Assets/Prefabs/GeneralPrefabs/Wire.prefab using Guid(6fd49ddf9e8f7bb46bfd019b695effd6) Importer(815301076,1909f56bfc062723c751e8b465ee728b) [PhysX] Initialized MultithreadedTaskDispatcher with 16 workers.
[PhysX] Initialized MultithreadedTaskDispatcher with 16 workers.
 -> (artifact id: '2d9f4340857e1bb9d21d678a9c795388') in 0.014672 seconds
Number of updated asset objects reloaded before import = 0
Number of asset objects unloaded after import = 9
========================================================================
Received Import Request.
  Time since last request: 0.000008 seconds.
  path: Assets/3D Enivronment Assets/Prefabs/GeneralPrefabs/Saw.prefab
  artifactKey: Guid(d0e421b083016de42918d52cdf4877a2) Importer(815301076,1909f56bfc062723c751e8b465ee728b)
Start importing Assets/3D Enivronment Assets/Prefabs/GeneralPrefabs/Saw.prefab using Guid(d0e421b083016de42918d52cdf4877a2) Importer(815301076,1909f56bfc062723c751e8b465ee728b) [PhysX] Initialized MultithreadedTaskDispatcher with 16 workers.
[PhysX] Initialized MultithreadedTaskDispatcher with 16 workers.
 -> (artifact id: '15722a2298da6bf5effb568336549e85') in 0.013917 seconds
Number of updated asset objects reloaded before import = 0
Number of asset objects unloaded after import = 9
========================================================================
Received Import Request.
  Time since last request: 0.000009 seconds.
  path: Assets/3D Enivronment Assets/Prefabs/GeneralPrefabs/Toolbox.prefab
  artifactKey: Guid(e292aec9552315249853b3ae02128644) Importer(815301076,1909f56bfc062723c751e8b465ee728b)
Start importing Assets/3D Enivronment Assets/Prefabs/GeneralPrefabs/Toolbox.prefab using Guid(e292aec9552315249853b3ae02128644) Importer(815301076,1909f56bfc062723c751e8b465ee728b) [PhysX] Initialized MultithreadedTaskDispatcher with 16 workers.
[PhysX] Initialized MultithreadedTaskDispatcher with 16 workers.
 -> (artifact id: '83bc11584ca8654e99845f5d34989584') in 0.026889 seconds
Number of updated asset objects reloaded before import = 0
Number of asset objects unloaded after import = 9
========================================================================
Received Import Request.
  Time since last request: 14.279051 seconds.
  path: Assets/3D Enivronment Assets/Prefabs/IcePrefabs/IceMountain_02.prefab
  artifactKey: Guid(46ffc482a5b7ead4180fcaee8b20e708) Importer(815301076,1909f56bfc062723c751e8b465ee728b)
Start importing Assets/3D Enivronment Assets/Prefabs/IcePrefabs/IceMountain_02.prefab using Guid(46ffc482a5b7ead4180fcaee8b20e708) Importer(815301076,1909f56bfc062723c751e8b465ee728b) [PhysX] Initialized MultithreadedTaskDispatcher with 16 workers.
[PhysX] Initialized MultithreadedTaskDispatcher with 16 workers.
 -> (artifact id: 'c77b3648f5af847b7753abb35c4e5b90') in 0.013000 seconds
Number of updated asset objects reloaded before import = 0
Number of asset objects unloaded after import = 9
========================================================================
Received Import Request.
  Time since last request: 0.000011 seconds.
  path: Assets/3D Enivronment Assets/Prefabs/IcePrefabs/IcePlatform_01.prefab
  artifactKey: Guid(6d35f3befa11c3f49ac6b0964dd94444) Importer(815301076,1909f56bfc062723c751e8b465ee728b)
Start importing Assets/3D Enivronment Assets/Prefabs/IcePrefabs/IcePlatform_01.prefab using Guid(6d35f3befa11c3f49ac6b0964dd94444) Importer(815301076,1909f56bfc062723c751e8b465ee728b) [PhysX] Initialized MultithreadedTaskDispatcher with 16 workers.
[PhysX] Initialized MultithreadedTaskDispatcher with 16 workers.
 -> (artifact id: 'cef0bb6e7343b7fb18c3f6531b42df9d') in 0.011284 seconds
Number of updated asset objects reloaded before import = 0
Number of asset objects unloaded after import = 9
========================================================================
Received Import Request.
  Time since last request: 0.000020 seconds.
  path: Assets/3D Enivronment Assets/Prefabs/IcePrefabs/Snowman_01.prefab
  artifactKey: Guid(8f45cc4a1e2e2ed42a7d686054a0437e) Importer(815301076,1909f56bfc062723c751e8b465ee728b)
Start importing Assets/3D Enivronment Assets/Prefabs/IcePrefabs/Snowman_01.prefab using Guid(8f45cc4a1e2e2ed42a7d686054a0437e) Importer(815301076,1909f56bfc062723c751e8b465ee728b) [PhysX] Initialized MultithreadedTaskDispatcher with 16 workers.
[PhysX] Initialized MultithreadedTaskDispatcher with 16 workers.
 -> (artifact id: '37cc3076f0946786cdc8bc6b80ab891e') in 0.014384 seconds
Number of updated asset objects reloaded before import = 0
Number of asset objects unloaded after import = 9
========================================================================
Received Prepare
Caller must complete domain reload
Begin MonoManager ReloadAssembly
- Loaded All Assemblies, in  0.274 seconds
Native extension for WindowsStandalone target not found
Native extension for WebGL target not found
[Package Manager] Server::EnsureServerProcessIsRunning -- launch failed, reason: Unity was launched with the -noUpm command-line argument
[Package Manager] UpmClient::Send -- Unable to send message (not connected to UPM process).
[Package Manager] Cannot connect to Unity Package Manager local server
Mono: successfully reloaded assembly
- Finished resetting the current domain, in  0.637 seconds
Domain Reload Profiling: 910ms
	BeginReloadAssembly (107ms)
		ExecutionOrderSort (0ms)
		DisableScriptedObjects (2ms)
		BackupInstance (0ms)
		ReleaseScriptingObjects (0ms)
		CreateAndSetChildDomain (19ms)
	RebuildCommonClasses (20ms)
	RebuildNativeTypeToScriptingClass (6ms)
	initialDomainReloadingComplete (18ms)
	LoadAllAssembliesAndSetupDomain (122ms)
		LoadAssemblies (175ms)
		RebuildTransferFunctionScriptingTraits (0ms)
		AnalyzeDomain (9ms)
			TypeCache.Refresh (4ms)
				TypeCache.ScanAssembly (0ms)
			ScanForSourceGeneratedMonoScriptInfo (0ms)
			ResolveRequiredComponents (3ms)
	FinalizeReload (637ms)
		ReleaseScriptCaches (0ms)
		RebuildScriptCaches (0ms)
		SetupLoadedEditorAssemblies (346ms)
			LogAssemblyErrors (0ms)
			InitializePlatformSupportModulesInManaged (6ms)
			SetLoadedEditorAssemblies (3ms)
			RefreshPlugins (0ms)
			BeforeProcessingInitializeOnLoad (46ms)
			ProcessInitializeOnLoadAttributes (269ms)
			ProcessInitializeOnLoadMethodAttributes (17ms)
			AfterProcessingInitializeOnLoad (5ms)
			EditorAssembliesLoaded (0ms)
		ExecutionOrderSort2 (0ms)
		AwakeInstancesAfterBackupRestoration (4ms)
Refreshing native plugins compatible for Editor in 1.54 ms, found 3 plugins.
Preloading 0 native plugins for Editor in 0.00 ms.
Unloading 3082 Unused Serialized files (Serialized files now loaded: 0)
Unloading 14 unused Assets / (28.5 KB). Loaded Objects now: 3572.
Memory consumption went from 122.4 MB to 122.4 MB.
Total: 1.965600 ms (FindLiveObjects: 0.155300 ms CreateObjectMapping: 0.049600 ms MarkObjects: 1.734100 ms  DeleteObjects: 0.026200 ms)

Prepare: number of updated asset objects reloaded= 0
AssetImportParameters requested are different than current active one (requested -> active):
  custom:container-demuxer-ogg: 62fdf1f143b41e24485cea50d1cbac27 -> 
  custom:video-decoder-ogg-theora: a1e56fd34408186e4bbccfd4996cb3dc -> 
  custom:scripting/monoscript/fileName/scr.cs: 52fb6a60289c06f2d4b962bc112ba516 -> 
  custom:framework-win-MediaFoundation: 216162199b28c13a410421893ffa2e32 -> 
  custom:CustomObjectIndexerAttribute: 9a22284fe3817be447336de3de66b15e -> 
  custom:container-demuxer-webm: 4f35f7cbe854078d1ac9338744f61a02 -> 
  custom:container-muxer-webm: aa71ff27fc2769a1b78a27578f13a17b -> 
  custom:video-decoder-webm-vp8: 9c59270c3fd7afecdb556c50c9e8de78 -> 
  custom:SearchIndexIgnoredProperties: e643bd26f0fe6173181afceb89e7c659 -> 
  custom:AudioImporter_EditorPlatform: d09bf68614088b80899f8185d706f6e7 -> 
  custom:video-encoder-webm-vp8: eb34c28f22e8b96e1ab97ce403110664 -> 
  custom:audio-decoder-ogg-vorbis: bf7c407c2cedff20999df2af8eb42d56 -> 
  custom:audio-encoder-webm-vorbis: bf7c407c2cedff20999df2af8eb42d56 -> 
Editor requested this worker to shutdown with reason: Scaling down because of idle timeout
TcpMessagingSession - receive error: operation aborted. errorcode: 995, details: La operación de E/S se anuló por una salida de subproceso o por una solicitud de aplicación.
AssetImportWorker is now disconnected from the server
Process exiting
Exiting without the bug reporter. Application will terminate with return code 0